Resource Usage Report
Part: lfe5u_25f-6

Register bits: 3960 of 24288 (16%)
PIC Latch:       0
I/O cells:       72

Details:
ALU54B:         2
AND2:           15
BB:             18
CCU2C:          1409
DP16KD:         5
EHXPLLL:        1
FD1P3AX:        1246
FD1P3AY:        6
FD1P3BX:        10
FD1P3DX:        1934
FD1P3IX:        10
FD1S3AX:        92
FD1S3AY:        2
FD1S3BX:        89
FD1S3DX:        464
FD1S3IX:        86
FD1S3JX:        1
GSR:            1
IB:             6
IFS1P3BX:       2
IFS1P3DX:       2
INV:            36
L6MUX21:        124
MULT18X18D:     9
OB:             48
OFS1P3BX:       5
OFS1P3DX:       11
ORCALUT4:       6580
PFUMX:          349
PUR:            1
ROM16X1A:       10
VHI:            35
VLO:            13
XOR2:           5
