Starting process: 

Configuration data saved


SCUBA, Version Diamond (64-bit) 3.12.0.240.2
Mon Mar 20 10:59:16 2023

Copyright (c) 1991-1994 by NeoCAD Inc. All rights reserved.
Copyright (c) 1995 AT&T Corp.   All rights reserved.
Copyright (c) 1995-2001 Lucent Technologies Inc.  All rights reserved.
Copyright (c) 2001 Agere Systems   All rights reserved.
Copyright (c) 2002-2020 Lattice Semiconductor Corporation,  All rights reserved.

BEGIN SCUBA Module Synthesis

    Issued command   : D:\Diamond\diamond\3.12\ispfpga\bin\nt64\scuba.exe -w -n opto_ram -lang verilog -synth lse -bus_exp 7 -bb -arch sa5p00 -type ramdps -device LFE5U-25F -raddr_width 8 -rwidth 8 -waddr_width 8 -wwidth 8 -rnum_words 255 -wnum_words 255 -cascade -1 -mem_init0 
    Circuit name     : opto_ram
    Module type      : RAM_DP
    Module Version   : 6.5
    Ports            : 
	Inputs       : WrAddress[7:0], RdAddress[7:0], Data[7:0], WE, RdClock, RdClockEn, Reset, WrClock, WrClockEn
	Outputs      : Q[7:0]
    I/O buffer       : not inserted
    Memory file      : INIT_ALL_0s
    EDIF output      : opto_ram.edn
    Verilog output   : opto_ram.v
    Verilog template : opto_ram_tmpl.v
    Verilog testbench: tb_opto_ram_tmpl.v
    Verilog purpose  : for synthesis and simulation
    Bus notation     : big endian
    Report output    : opto_ram.srp
    Estimated Resource Usage:
            EBR : 1

END   SCUBA Module Synthesis

File: opto_ram.lpc created.


End process: completed successfully.


Total Warnings:  0

Total Errors:  0


