Results of NGD DRC are available in c25x_fpga_drc.log.
Loading NGL library 'D:/lscc/diamond/3.12/ispfpga/sa5p00/data/sa5plib.ngl'...
Loading NGL library 'D:/lscc/diamond/3.12/ispfpga/xo2c00/data/xo2clib.ngl'...
Loading NGL library 'D:/lscc/diamond/3.12/ispfpga/mg5g00/data/mg5glib.ngl'...
Loading NGL library 'D:/lscc/diamond/3.12/ispfpga/or5g00/data/orc5glib.ngl'...
Loading NGL library 'D:/lscc/diamond/3.12/ispfpga/data/neoprims.ngl'...
Loading NGL library 'D:/lscc/diamond/3.12/ispfpga/data/neomacro.ngl'...
Loading NGO design 'lngotmp/pmi_ram_dpebnonesadr1638163811890790.ngo'...
Loading NGO design 'lngotmp/pmi_distributed_dpramebnoner105328f0007d.ngo'...
Loading NGO design 'lngotmp/pmi_distributed_dpramebnoner164168f01b22.ngo'...
Loading NGO design 'lngotmp/pmi_ram_dpebnonesadr74101024741010241218b3af.ngo'...
WARNING - synthesis: Port 'CLKOS' has no signal connected to it. Property 'FREQUENCY_PIN_CLKOS' is ignored for instance 'PLLInst_0'.
Logic has been added to the IP to support JTAG capability.
Loading NGO design 'D:/lscc/diamond/3.12/ispfpga/sa5p00/data/sa5phub.ngl'...


Running DRC...

WARNING - synthesis: logical net 'c25x_fpga_reveal_coretop_instance/jupdate[0]' has no load.
WARNING - synthesis: logical net 'sa5phub/tdoa' has no load.
WARNING - synthesis: logical net 'sa5phub/cdn' has no load.
WARNING - synthesis: logical net 'sa5phub/ip_enable[15]' has no load.
WARNING - synthesis: logical net 'sa5phub/genblk8.un1_jtagg_u_1' has no load.
WARNING - synthesis: logical net 'sa5phub/genblk8.un1_jtagg_u' has no load.
WARNING - synthesis: DRC complete with 6 warnings.

Design Results:
  25831 blocks expanded
completed the first expansion
All blocks are expanded and NGD expansion is successful.
Writing NGD file c25x_fpga_c25x_fpga.ngd.
