-- all messages logged in file D:/Project/H100_FPGA/c25x_fpga/reveal_error.log
-- Analyzing Verilog file 'D:/Project/H100_FPGA/c25x_fpga/reveal_workspace/tmpreveal/c25x_fpga_reveal_coretop.v' (VERI-1482)
-- Analyzing Verilog file 'D:/Project/H100_FPGA/source/c25x_fpga.v' (VERI-1482)
-- Analyzing Verilog file 'D:/Project/H100_FPGA/source/dist/calib_packet.v' (VERI-1482)
-- Analyzing Verilog file 'D:/Project/H100_FPGA/source/dist/dist_measure.v' (VERI-1482)
-- Analyzing Verilog file 'D:/Project/H100_FPGA/source/dist/dist_packet.v' (VERI-1482)
-- Analyzing Verilog file 'D:/Project/H100_FPGA/source/dist/measure_para.v' (VERI-1482)
-- Analyzing Verilog file 'D:/Project/H100_FPGA/source/eth/datagram_cmd_defines.v' (VERI-1482)
-- Analyzing Verilog file 'D:/Project/H100_FPGA/source/eth/datagram_parser.v' (VERI-1482)
D:/Project/H100_FPGA/source/eth/datagram_parser.v(3): INFO: analyzing included file 'D:/Project/H100_FPGA/source/eth/datagram_cmd_defines.v' (VERI-1328)
D:/Project/H100_FPGA/source/eth/datagram_parser.v(3): INFO: back to file 'D:/Project/H100_FPGA/source/eth/datagram_parser.v' (VERI-2320)
-- Analyzing Verilog file 'D:/Project/H100_FPGA/source/eth/division.v' (VERI-1482)
-- Analyzing Verilog file 'D:/Project/H100_FPGA/source/eth/index_calculate.v' (VERI-1482)
-- Analyzing Verilog file 'D:/Project/H100_FPGA/source/eth/parameter_ident_define.v' (VERI-1482)
-- Analyzing Verilog file 'D:/Project/H100_FPGA/source/eth/parameter_init.v' (VERI-1482)
D:/Project/H100_FPGA/source/eth/parameter_init.v(3): INFO: analyzing included file 'D:/Project/H100_FPGA/source/eth/datagram_cmd_defines.v' (VERI-1328)
D:/Project/H100_FPGA/source/eth/parameter_init.v(3): INFO: back to file 'D:/Project/H100_FPGA/source/eth/parameter_init.v' (VERI-2320)
D:/Project/H100_FPGA/source/eth/parameter_init.v(4): INFO: analyzing included file 'D:/Project/H100_FPGA/source/eth/parameter_ident_define.v' (VERI-1328)
D:/Project/H100_FPGA/source/eth/parameter_init.v(4): INFO: back to file 'D:/Project/H100_FPGA/source/eth/parameter_init.v' (VERI-2320)
-- Analyzing Verilog file 'D:/Project/H100_FPGA/source/eth/spi_w5500_cmd.v' (VERI-1482)
D:/Project/H100_FPGA/source/eth/spi_w5500_cmd.v(3): INFO: analyzing included file 'D:/Project/H100_FPGA/source/eth/w5500_reg_defines.v' (VERI-1328)
D:/Project/H100_FPGA/source/eth/spi_w5500_cmd.v(3): INFO: back to file 'D:/Project/H100_FPGA/source/eth/spi_w5500_cmd.v' (VERI-2320)
D:/Project/H100_FPGA/source/eth/spi_w5500_cmd.v(4): INFO: analyzing included file 'D:/Project/H100_FPGA/source/eth/w5500_cmd_defines.v' (VERI-1328)
D:/Project/H100_FPGA/source/eth/spi_w5500_cmd.v(4): INFO: back to file 'D:/Project/H100_FPGA/source/eth/spi_w5500_cmd.v' (VERI-2320)
-- Analyzing Verilog file 'D:/Project/H100_FPGA/source/eth/time_stamp.v' (VERI-1482)
-- Analyzing Verilog file 'D:/Project/H100_FPGA/source/eth/w5500_cmd_defines.v' (VERI-1482)
-- Analyzing Verilog file 'D:/Project/H100_FPGA/source/eth/w5500_control.v' (VERI-1482)
-- Analyzing Verilog file 'D:/Project/H100_FPGA/source/eth/w5500_reg_defines.v' (VERI-1482)
-- Analyzing Verilog file 'D:/Project/H100_FPGA/source/eth/spi_master_eth.v' (VERI-1482)
-- Analyzing Verilog file 'D:/Project/H100_FPGA/source/flash/flash_control.v' (VERI-1482)
-- Analyzing Verilog file 'D:/Project/H100_FPGA/source/flash/USRMCLK.v' (VERI-1482)
-- Analyzing Verilog file 'D:/Project/H100_FPGA/source/flash/spi flash/spi_master.v' (VERI-1482)
-- Analyzing Verilog file 'D:/Project/H100_FPGA/source/flash/spi flash/spi_flash_top.v' (VERI-1482)
-- Analyzing Verilog file 'D:/Project/H100_FPGA/source/insp/adc_to_dac.v' (VERI-1482)
-- Analyzing Verilog file 'D:/Project/H100_FPGA/source/insp/adc_to_temp.v' (VERI-1482)
-- Analyzing Verilog file 'D:/Project/H100_FPGA/source/insp/pluse_average.v' (VERI-1482)
-- Analyzing Verilog file 'D:/Project/H100_FPGA/source/insp/self_inspection.v' (VERI-1482)
-- Analyzing Verilog file 'D:/Project/H100_FPGA/source/insp/adda/AD_SPI.v' (VERI-1482)
-- Analyzing Verilog file 'D:/Project/H100_FPGA/source/insp/adda/adc_control.v' (VERI-1482)
-- Analyzing Verilog file 'D:/Project/H100_FPGA/source/insp/adda/DA_SPI.v' (VERI-1482)
-- Analyzing Verilog file 'D:/Project/H100_FPGA/source/laser/laser_control.v' (VERI-1482)
-- Analyzing Verilog file 'D:/Project/H100_FPGA/source/rotate/encoder_generate.v' (VERI-1482)
-- Analyzing Verilog file 'D:/Project/H100_FPGA/source/flash/spi flash/spi_flash_cmd.v' (VERI-1482)
-- Analyzing Verilog file 'D:/Project/H100_FPGA/source/rotate/motor_control.v' (VERI-1482)
-- Analyzing Verilog file 'D:/Project/H100_FPGA/source/rotate/opto_switch_filter.v' (VERI-1482)
-- Analyzing Verilog file 'D:/Project/H100_FPGA/source/rotate/rotate_control.v' (VERI-1482)
-- Analyzing Verilog file 'D:/Project/H100_FPGA/source/sram/sram_control.v' (VERI-1482)
-- Analyzing Verilog file 'D:/Project/H100_FPGA/source/dist/as6500/as6500_control.v' (VERI-1482)
-- Analyzing Verilog file 'D:/Project/H100_FPGA/source/dist/as6500/as6500_ctrl.v' (VERI-1482)
-- Analyzing Verilog file 'D:/Project/H100_FPGA/source/dist/as6500/SPI_Master_2.v' (VERI-1482)
-- Analyzing Verilog file 'D:/Project/H100_FPGA/source/eth/spi_w5500_top_3.v' (VERI-1482)
D:/Project/H100_FPGA/source/eth/spi_w5500_top_3.v(3): INFO: analyzing included file 'D:/Project/H100_FPGA/source/eth/w5500_reg_defines.v' (VERI-1328)
D:/Project/H100_FPGA/source/eth/spi_w5500_top_3.v(3): INFO: back to file 'D:/Project/H100_FPGA/source/eth/spi_w5500_top_3.v' (VERI-2320)
D:/Project/H100_FPGA/source/eth/spi_w5500_top_3.v(4): INFO: analyzing included file 'D:/Project/H100_FPGA/source/eth/w5500_cmd_defines.v' (VERI-1328)
D:/Project/H100_FPGA/source/eth/spi_w5500_top_3.v(4): INFO: back to file 'D:/Project/H100_FPGA/source/eth/spi_w5500_top_3.v' (VERI-2320)
-- Analyzing Verilog file 'D:/Project/H100_FPGA/source/eth/datagram_parser_udp.v' (VERI-1482)
-- Analyzing Verilog file 'D:/Project/H100_FPGA/source/eth/ntp_calculate.v' (VERI-1482)
-- Analyzing Verilog file 'D:/Project/H100_FPGA/source/eth/ntp_receive_parser.v' (VERI-1482)
-- Analyzing Verilog file 'D:/Project/H100_FPGA/source/eth/ntp_send_make.v' (VERI-1482)
-- Analyzing Verilog file 'D:/Project/H100_FPGA/source/eth/time_stamp_ntp.v' (VERI-1482)
-- Analyzing Verilog file 'D:/Project/H100_FPGA/source/dist/calculate/data_pre.v' (VERI-1482)
-- Analyzing Verilog file 'D:/Project/H100_FPGA/source/dist/calculate/dist_cal.v' (VERI-1482)
-- Analyzing Verilog file 'D:/Project/H100_FPGA/source/dist/calculate/dist_calculate.v' (VERI-1482)
-- Analyzing Verilog file 'D:/Project/H100_FPGA/source/dist/calculate/index_cal.v' (VERI-1482)
-- Analyzing Verilog file 'D:/Project/H100_FPGA/source/insp/adc_to_dist.v' (VERI-1482)
-- Analyzing Verilog file 'D:/Project/H100_FPGA/source/dist/dist_filter.v' (VERI-1482)
-- Analyzing Verilog file 'D:/Project/H100_FPGA/source/dist/calculate/rssi_cal.v' (VERI-1482)
-- Analyzing Verilog file 'D:/Project/H100_FPGA/source/dist/calculate/div_rill.v' (VERI-1482)
-- Analyzing Verilog file 'D:/Project/H100_FPGA/data_process_3.v' (VERI-1482)
-- Analyzing Verilog file 'D:/Project/H100_FPGA/c25x_fpga_ip/c25x_pll/c25x_pll.v' (VERI-1482)
-- Analyzing Verilog file 'D:/Project/H100_FPGA/c25x_fpga_ip/cache_opto_ram/cache_opto_ram.v' (VERI-1482)
-- Analyzing Verilog file 'D:/Project/H100_FPGA/c25x_fpga_ip/distance_ram/distance_ram.v' (VERI-1482)
-- Analyzing Verilog file 'D:/Project/H100_FPGA/c25x_fpga_ip/eth_data_ram/eth_data_ram.v' (VERI-1482)
-- Analyzing Verilog file 'D:/Project/H100_FPGA/c25x_fpga_ip/eth_send_ram/eth_send_ram.v' (VERI-1482)
-- Analyzing Verilog file 'D:/Project/H100_FPGA/c25x_fpga_ip/multiplier/multiplier.v' (VERI-1482)
-- Analyzing Verilog file 'D:/Project/H100_FPGA/c25x_fpga_ip/multiplier3/multiplier3.v' (VERI-1482)
-- Analyzing Verilog file 'D:/Project/H100_FPGA/c25x_fpga_ip/opto_ram/opto_ram.v' (VERI-1482)
-- Analyzing Verilog file 'D:/Project/H100_FPGA/c25x_fpga_ip/packet_data_ram/packet_data_ram.v' (VERI-1482)
-- Analyzing Verilog file 'D:/Project/H100_FPGA/c25x_fpga_ip/tcp_recv_fifo/tcp_recv_fifo.v' (VERI-1482)
-- Analyzing Verilog file 'D:/Project/H100_FPGA/opto_packet.v' (VERI-1482)
-- Analyzing Verilog file 'D:/Project/H100_FPGA/source/rotate/motor_control_2.v' (VERI-1482)
-- Analyzing Verilog file 'D:/Project/H100_FPGA/source/rotate/motor_drive.v' (VERI-1482)
-- Analyzing Verilog file 'D:/Project/H100_FPGA/source/rotate/random_number_generator.v' (VERI-1482)
-- Analyzing Verilog file 'D:/Project/H100_FPGA/source/MPT2022_2042/mpt2042_spi_top.v' (VERI-1482)
-- Analyzing Verilog file 'D:/Project/H100_FPGA/source/MPT2022_2042/mpt2042_control.v' (VERI-1482)
-- Analyzing Verilog file 'D:/Project/H100_FPGA/mpt2042_rom_128x8/mpt2042_rom_128x8.v' (VERI-1482)
-- Analyzing Verilog file 'D:/Project/H100_FPGA/source/MPT2022_2042/rise_signal_process.v' (VERI-1482)
D:/Project/H100_FPGA/source/MPT2022_2042/rise_signal_process.v(144): WARNING: empty statement in sequential block (VERI-1988)
D:/Project/H100_FPGA/source/c25x_fpga.v(1): INFO: compiling module 'c25x_fpga' (VERI-1018)
D:/Project/H100_FPGA/source/c25x_fpga.v(495): INFO: elaborating module 'c25x_fpga' (VERI-9000)
D:/Project/H100_FPGA/c25x_fpga_ip/c25x_pll/c25x_pll.v(86): INFO: elaborating module 'c25x_pll_uniq_1' (VERI-9000)
D:/Project/H100_FPGA/source/rotate/rotate_control.v(152): INFO: elaborating module 'rotate_control_uniq_1' (VERI-9000)
D:/Project/H100_FPGA/source/insp/self_inspection.v(289): INFO: elaborating module 'self_inspection_uniq_1' (VERI-9000)
D:/Project/H100_FPGA/source/laser/laser_control.v(113): INFO: elaborating module 'laser_control_uniq_1' (VERI-9000)
D:/Project/H100_FPGA/source/dist/dist_measure.v(308): INFO: elaborating module 'dist_measure_uniq_1' (VERI-9000)
D:/Project/H100_FPGA/source/sram/sram_control.v(59): INFO: elaborating module 'sram_control_uniq_1' (VERI-9000)
D:/Project/H100_FPGA/source/flash/flash_control.v(578): INFO: elaborating module 'flash_control_uniq_1' (VERI-9000)
D:/Project/H100_FPGA/source/eth/w5500_control.v(411): INFO: elaborating module 'w5500_control_uniq_1' (VERI-9000)
D:/Project/H100_FPGA/source/rotate/opto_switch_filter.v(48): INFO: elaborating module 'opto_switch_filter_uniq_1' (VERI-9000)
D:/Project/H100_FPGA/source/rotate/motor_control.v(223): INFO: elaborating module 'motor_control_uniq_1' (VERI-9000)
D:/Project/H100_FPGA/source/rotate/motor_control_2.v(327): INFO: elaborating module 'motor_control_2_uniq_1' (VERI-9000)
D:/Project/H100_FPGA/source/rotate/encoder_generate.v(239): INFO: elaborating module 'encoder_generate_uniq_1' (VERI-9000)
D:/Project/H100_FPGA/source/insp/adda/adc_control.v(138): INFO: elaborating module 'adc_control_uniq_1' (VERI-9000)
D:/Project/H100_FPGA/source/insp/adda/DA_SPI.v(178): INFO: elaborating module 'DA_SPI_uniq_1' (VERI-9000)
D:/Project/H100_FPGA/source/insp/adc_to_dac.v(287): INFO: elaborating module 'adc_to_dac_uniq_1' (VERI-9000)
D:/Project/H100_FPGA/source/insp/adc_to_dist.v(225): INFO: elaborating module 'adc_to_dist_uniq_1' (VERI-9000)
D:/Project/H100_FPGA/source/insp/pluse_average.v(90): INFO: elaborating module 'pluse_average_uniq_1' (VERI-9000)
D:/Project/H100_FPGA/source/dist/measure_para.v(98): INFO: elaborating module 'measure_para_uniq_1' (VERI-9000)
D:/Project/H100_FPGA/source/MPT2022_2042/rise_signal_process.v(192): INFO: elaborating module 'rise_signal_process_uniq_1' (VERI-9000)
D:/Project/H100_FPGA/source/MPT2022_2042/mpt2042_control.v(842): INFO: elaborating module 'mpt2042_control_uniq_1' (VERI-9000)
D:/Project/H100_FPGA/source/dist/calculate/dist_calculate.v(120): INFO: elaborating module 'dist_calculate_uniq_1' (VERI-9000)
D:/Project/H100_FPGA/data_process_3.v(465): INFO: elaborating module 'data_process_3_uniq_1' (VERI-9000)
D:/Project/H100_FPGA/source/dist/dist_packet.v(306): INFO: elaborating module 'dist_packet_uniq_1' (VERI-9000)
D:/Project/H100_FPGA/source/dist/calib_packet.v(186): INFO: elaborating module 'calib_packet_uniq_1' (VERI-9000)
D:/Project/H100_FPGA/source/flash/spi flash/spi_flash_top.v(170): INFO: elaborating module 'spi_flash_top_uniq_1' (VERI-9000)
D:/Project/H100_FPGA/source/eth/spi_w5500_top_3.v(1334): INFO: elaborating module 'spi_w5500_top_3_uniq_1' (VERI-9000)
D:/Project/H100_FPGA/source/eth/datagram_parser.v(1269): INFO: elaborating module 'datagram_parser_uniq_1' (VERI-9000)
D:/Project/H100_FPGA/source/eth/datagram_parser_udp.v(89): INFO: elaborating module 'datagram_parser_udp_uniq_1' (VERI-9000)
D:/Project/H100_FPGA/source/eth/time_stamp_ntp.v(53): INFO: elaborating module 'time_stamp_ntp_uniq_1' (VERI-9000)
D:/Project/H100_FPGA/source/eth/parameter_init.v(1789): INFO: elaborating module 'parameter_init_uniq_1' (VERI-9000)
D:/Project/H100_FPGA/c25x_fpga_ip/multiplier3/multiplier3.v(310): INFO: elaborating module 'multiplier3_uniq_1' (VERI-9000)
D:/Project/H100_FPGA/c25x_fpga_ip/multiplier3/multiplier3.v(310): INFO: elaborating module 'multiplier3_uniq_2' (VERI-9000)
D:/Project/H100_FPGA/c25x_fpga_ip/multiplier3/multiplier3.v(310): INFO: elaborating module 'multiplier3_uniq_3' (VERI-9000)
D:/Project/H100_FPGA/c25x_fpga_ip/multiplier3/multiplier3.v(310): INFO: elaborating module 'multiplier3_uniq_4' (VERI-9000)
D:/Project/H100_FPGA/source/rotate/random_number_generator.v(33): INFO: elaborating module 'random_number_generator_uniq_1' (VERI-9000)
D:/Project/H100_FPGA/source/insp/adda/AD_SPI.v(149): INFO: elaborating module 'AD_SPI_uniq_1' (VERI-9000)
D:/Project/H100_FPGA/source/insp/adc_to_temp.v(205): INFO: elaborating module 'adc_to_temp_uniq_1' (VERI-9000)
D:/Project/H100_FPGA/c25x_fpga_ip/multiplier/multiplier.v(563): INFO: elaborating module 'multiplier_uniq_2' (VERI-9000)
D:/Project/H100_FPGA/c25x_fpga_ip/multiplier/multiplier.v(563): INFO: elaborating module 'multiplier_uniq_3' (VERI-9000)
D:/Project/H100_FPGA/c25x_fpga_ip/multiplier/multiplier.v(563): INFO: elaborating module 'multiplier_uniq_4' (VERI-9000)
D:/Project/H100_FPGA/source/eth/division.v(82): INFO: elaborating module 'division_uniq_2' (VERI-9000)
D:/Project/H100_FPGA/source/MPT2022_2042/mpt2042_spi_top.v(218): INFO: elaborating module 'mpt2042_spi_top_uniq_1' (VERI-9000)
D:/Project/H100_FPGA/mpt2042_rom_128x8/mpt2042_rom_128x8.v(134): INFO: elaborating module 'mpt2042_rom_128x8_uniq_1' (VERI-9000)
D:/Project/H100_FPGA/source/dist/calculate/data_pre.v(82): INFO: elaborating module 'data_pre_uniq_1' (VERI-9000)
D:/Project/H100_FPGA/source/dist/calculate/index_cal.v(146): INFO: elaborating module 'index_cal_uniq_1' (VERI-9000)
D:/Project/H100_FPGA/source/dist/calculate/dist_cal.v(409): INFO: elaborating module 'dist_cal_uniq_1' (VERI-9000)
D:/Project/H100_FPGA/source/dist/calculate/rssi_cal.v(262): INFO: elaborating module 'rssi_cal_uniq_1' (VERI-9000)
D:/Project/H100_FPGA/c25x_fpga_ip/distance_ram/distance_ram.v(241): INFO: elaborating module 'distance_ram_uniq_1' (VERI-9000)
D:/Project/H100_FPGA/c25x_fpga_ip/distance_ram/distance_ram.v(241): INFO: elaborating module 'distance_ram_uniq_2' (VERI-9000)
D:/Project/H100_FPGA/source/flash/spi flash/spi_flash_cmd.v(250): INFO: elaborating module 'spi_flash_cmd_uniq_1' (VERI-9000)
D:/Project/H100_FPGA/source/eth/spi_w5500_cmd.v(343): INFO: elaborating module 'spi_w5500_cmd_uniq_1' (VERI-9000)
D:/Project/H100_FPGA/c25x_fpga_ip/eth_send_ram/eth_send_ram.v(140): INFO: elaborating module 'eth_send_ram_uniq_1' (VERI-9000)
D:/Project/H100_FPGA/c25x_fpga_ip/eth_send_ram/eth_send_ram.v(140): INFO: elaborating module 'eth_send_ram_uniq_2' (VERI-9000)
D:/Project/H100_FPGA/c25x_fpga_ip/eth_send_ram/eth_send_ram.v(140): INFO: elaborating module 'eth_send_ram_uniq_3' (VERI-9000)
D:/Project/H100_FPGA/c25x_fpga_ip/tcp_recv_fifo/tcp_recv_fifo.v(696): INFO: elaborating module 'tcp_recv_fifo_uniq_1' (VERI-9000)
D:/Project/H100_FPGA/c25x_fpga_ip/eth_data_ram/eth_data_ram.v(140): INFO: elaborating module 'eth_data_ram_uniq_1' (VERI-9000)
D:/Project/H100_FPGA/c25x_fpga_ip/packet_data_ram/packet_data_ram.v(141): INFO: elaborating module 'packet_data_ram_uniq_1' (VERI-9000)
D:/Project/H100_FPGA/c25x_fpga_ip/packet_data_ram/packet_data_ram.v(141): INFO: elaborating module 'packet_data_ram_uniq_2' (VERI-9000)
D:/Project/H100_FPGA/c25x_fpga_ip/packet_data_ram/packet_data_ram.v(141): INFO: elaborating module 'packet_data_ram_uniq_3' (VERI-9000)
D:/Project/H100_FPGA/c25x_fpga_ip/packet_data_ram/packet_data_ram.v(141): INFO: elaborating module 'packet_data_ram_uniq_4' (VERI-9000)
D:/Project/H100_FPGA/source/eth/ntp_receive_parser.v(169): INFO: elaborating module 'ntp_receive_parser_uniq_1' (VERI-9000)
D:/Project/H100_FPGA/source/eth/ntp_send_make.v(172): INFO: elaborating module 'ntp_send_make_uniq_1' (VERI-9000)
D:/Project/H100_FPGA/source/eth/ntp_calculate.v(101): INFO: elaborating module 'ntp_calculate_uniq_1' (VERI-9000)
D:/Project/H100_FPGA/source/eth/index_calculate.v(147): INFO: elaborating module 'index_calculate_uniq_1' (VERI-9000)
D:/Project/H100_FPGA/source/eth/time_stamp.v(54): INFO: elaborating module 'time_stamp_uniq_1' (VERI-9000)
D:/Project/H100_FPGA/c25x_fpga_ip/opto_ram/opto_ram.v(140): INFO: elaborating module 'opto_ram_uniq_1' (VERI-9000)
D:/Project/H100_FPGA/c25x_fpga_ip/multiplier/multiplier.v(563): INFO: elaborating module 'multiplier_uniq_1' (VERI-9000)
D:/Project/H100_FPGA/c25x_fpga_ip/multiplier/multiplier.v(563): INFO: elaborating module 'multiplier_uniq_5' (VERI-9000)
D:/Project/H100_FPGA/c25x_fpga_ip/multiplier/multiplier.v(563): INFO: elaborating module 'multiplier_uniq_6' (VERI-9000)
D:/Project/H100_FPGA/c25x_fpga_ip/multiplier/multiplier.v(563): INFO: elaborating module 'multiplier_uniq_7' (VERI-9000)
D:/Project/H100_FPGA/c25x_fpga_ip/multiplier/multiplier.v(563): INFO: elaborating module 'multiplier_uniq_8' (VERI-9000)
D:/Project/H100_FPGA/source/eth/division.v(82): INFO: elaborating module 'division_uniq_1' (VERI-9000)
D:/Project/H100_FPGA/source/eth/division.v(82): INFO: elaborating module 'division_uniq_3' (VERI-9000)
D:/Project/H100_FPGA/source/dist/calculate/div_rill.v(113): INFO: elaborating module 'div_rill_uniq_1' (VERI-9000)
D:/Project/H100_FPGA/source/flash/spi flash/spi_master.v(138): INFO: elaborating module 'spi_master_uniq_1' (VERI-9000)
D:/Project/H100_FPGA/source/eth/spi_master_eth.v(147): INFO: elaborating module 'spi_master_eth_uniq_1' (VERI-9000)
D:/Project/H100_FPGA/source/dist/dist_measure.v(179): WARNING: port 'SER_CLK_P' is not connected on this instance (VERI-2435)
D:/Project/H100_FPGA/source/MPT2022_2042/mpt2042_control.v(840): WARNING: port 'Reset' is not connected on this instance (VERI-2435)
-- Pretty printing all design elements in library 'work' to file 'D:/Project/H100_FPGA/c25x_fpga/reveal_workspace/tmpreveal/c25x_fpga_rvl.v' (VERI-1491)
