E:\tools\Iscc\diamond\3.12\synpbase\bin64\c_hdl.exe  -osyn  D:\programs\fpga\C251\C25X_21090810\c25x_fpga\synwork\c25x_fpga_comp.srs  -hdllog  D:\programs\fpga\C251\C25X_21090810\c25x_fpga\synlog\c25x_fpga_compiler.srr  -encrypt  -mp  1  -verification_mode 0  -verilog  -prodtype  synplify_pro  -dspmac -fixsmult -infer_seqShift -nram -sdff_counter -divnmod -nostructver   -I D:\programs\fpga\C251\C25X_21090810  -I D:\programs\fpga\C251\C25X_21090810\c25x_fpga\  -I E:\tools\Iscc\diamond\3.12\synpbase\lib   -sysv  -devicelib  E:\tools\Iscc\diamond\3.12\synpbase\lib\lucent\ecp5u.v  -devicelib  E:\tools\Iscc\diamond\3.12\synpbase\lib\lucent\pmi_def.v  -encrypt  -pro    -DSBP_SYNTHESIS    -dmgen  D:\programs\fpga\C251\C25X_21090810\c25x_fpga\dm  -ui -fid2 -ram -sharing on -ll 2000 -autosm  -D_MULTIPLE_FILE_COMPILATION_UNIT_  -lib work -fv2001 D:\programs\fpga\C251\C25X_21090810\source\c25x_fpga.v -lib work -fv2001 D:\programs\fpga\C251\C25X_21090810\source\dist\calib_packet.v -lib work -fv2001 D:\programs\fpga\C251\C25X_21090810\source\dist\dist_calculate.v -lib work -fv2001 D:\programs\fpga\C251\C25X_21090810\source\dist\dist_filter.v -lib work -fv2001 D:\programs\fpga\C251\C25X_21090810\source\dist\dist_measure.v -lib work -fv2001 D:\programs\fpga\C251\C25X_21090810\source\dist\dist_packet.v -lib work -fv2001 D:\programs\fpga\C251\C25X_21090810\source\dist\measure_para.v -lib work -fv2001 D:\programs\fpga\C251\C25X_21090810\source\dist\tail_filter.v -lib work -fv2001 D:\programs\fpga\C251\C25X_21090810\source\dist\ms1004\ms1004_control_fall.v -lib work -fv2001 D:\programs\fpga\C251\C25X_21090810\source\dist\ms1004\ms1004_control_rise.v -lib work -fv2001 D:\programs\fpga\C251\C25X_21090810\source\dist\ms1004\TDC_SPI_ms1004_2.v -lib work -fv2001 D:\programs\fpga\C251\C25X_21090810\source\eth\datagram_cmd_defines.v -lib work -fv2001 D:\programs\fpga\C251\C25X_21090810\source\eth\datagram_parser.v -lib work -fv2001 D:\programs\fpga\C251\C25X_21090810\source\eth\division.v -lib work -fv2001 D:\programs\fpga\C251\C25X_21090810\source\eth\index_calculate.v -lib work -fv2001 D:\programs\fpga\C251\C25X_21090810\source\eth\parameter_ident_define.v -lib work -fv2001 D:\programs\fpga\C251\C25X_21090810\source\eth\parameter_init.v -lib work -fv2001 D:\programs\fpga\C251\C25X_21090810\source\eth\spi_w5500_cmd.v -lib work -fv2001 D:\programs\fpga\C251\C25X_21090810\source\eth\spi_w5500_top.v -lib work -fv2001 D:\programs\fpga\C251\C25X_21090810\source\eth\time_stamp.v -lib work -fv2001 D:\programs\fpga\C251\C25X_21090810\source\eth\w5500_cmd_defines.v -lib work -fv2001 D:\programs\fpga\C251\C25X_21090810\source\eth\w5500_control.v -lib work -fv2001 D:\programs\fpga\C251\C25X_21090810\source\eth\w5500_reg_defines.v -lib work -fv2001 D:\programs\fpga\C251\C25X_21090810\source\flash\flash_control.v -lib work -fv2001 D:\programs\fpga\C251\C25X_21090810\source\flash\USRMCLK.v -lib work -fv2001 "D:\programs\fpga\C251\C25X_21090810\source\flash\spi flash\spi_master.v" -lib work -fv2001 "D:\programs\fpga\C251\C25X_21090810\source\flash\spi flash\spi_flash_top.v" -lib work -fv2001 "D:\programs\fpga\C251\C25X_21090810\source\flash\spi flash\spi_flash_cmd.v" -lib work -fv2001 D:\programs\fpga\C251\C25X_21090810\source\insp\adc_to_dac.v -lib work -fv2001 D:\programs\fpga\C251\C25X_21090810\source\insp\adc_to_temp.v -lib work -fv2001 D:\programs\fpga\C251\C25X_21090810\source\insp\pluse_average.v -lib work -fv2001 D:\programs\fpga\C251\C25X_21090810\source\insp\self_inspection.v -lib work -fv2001 D:\programs\fpga\C251\C25X_21090810\source\insp\adda\AD_SPI.v -lib work -fv2001 D:\programs\fpga\C251\C25X_21090810\source\insp\adda\adc_control.v -lib work -fv2001 D:\programs\fpga\C251\C25X_21090810\source\insp\adda\DA_SPI.v -lib work -fv2001 D:\programs\fpga\C251\C25X_21090810\source\laser\laser_control.v -lib work -fv2001 D:\programs\fpga\C251\C25X_21090810\source\rotate\encoder_generate.v -lib work -fv2001 D:\programs\fpga\C251\C25X_21090810\source\rotate\motor_control.v -lib work -fv2001 D:\programs\fpga\C251\C25X_21090810\source\rotate\opto_switch_filter.v -lib work -fv2001 D:\programs\fpga\C251\C25X_21090810\source\rotate\rotate_control.v -lib work -fv2001 D:\programs\fpga\C251\C25X_21090810\source\sram\sram_control.v -lib work -fv2001 D:\programs\fpga\C251\C25X_21090810\c25x_fpga_ip\c25x_pll\c25x_pll.v -lib work -fv2001 D:\programs\fpga\C251\C25X_21090810\c25x_fpga_ip\eth_data_ram\eth_data_ram.v -lib work -fv2001 D:\programs\fpga\C251\C25X_21090810\c25x_fpga_ip\eth_send_ram\eth_send_ram.v -lib work -fv2001 D:\programs\fpga\C251\C25X_21090810\c25x_fpga_ip\multiplier\multiplier.v -lib work -fv2001 D:\programs\fpga\C251\C25X_21090810\c25x_fpga_ip\multiplier2\multiplier2.v -lib work -fv2001 D:\programs\fpga\C251\C25X_21090810\c25x_fpga_ip\multiplier3\multiplier3.v -lib work -fv2001 D:\programs\fpga\C251\C25X_21090810\c25x_fpga_ip\packet_data_ram\packet_data_ram.v -lib work -fv2001 D:\programs\fpga\C251\C25X_21090810\c25x_fpga_ip\tcp_recv_fifo\tcp_recv_fifo.v -lib work -fv2001 D:\programs\fpga\C251\C25X_21090810\source\eth\spi_master_eth.v  -jobname  "compiler" 
relcom:E:\tools\Iscc\diamond\3.12\synpbase\bin64\c_hdl.exe -osyn ..\synwork\c25x_fpga_comp.srs -hdllog ..\synlog\c25x_fpga_compiler.srr -encrypt -mp 1 -verification_mode 0 -verilog -prodtype synplify_pro -dspmac -fixsmult -infer_seqShift -nram -sdff_counter -divnmod -nostructver -I ..\..\..\C25X_21090810 -I ..\ -I E:\tools\Iscc\diamond\3.12\synpbase\lib -sysv -devicelib E:\tools\Iscc\diamond\3.12\synpbase\lib\lucent\ecp5u.v -devicelib E:\tools\Iscc\diamond\3.12\synpbase\lib\lucent\pmi_def.v -encrypt -pro -DSBP_SYNTHESIS -dmgen ..\dm -ui -fid2 -ram -sharing on -ll 2000 -autosm -D_MULTIPLE_FILE_COMPILATION_UNIT_ -lib work -fv2001 ..\..\source\c25x_fpga.v -lib work -fv2001 ..\..\source\dist\calib_packet.v -lib work -fv2001 ..\..\source\dist\dist_calculate.v -lib work -fv2001 ..\..\source\dist\dist_filter.v -lib work -fv2001 ..\..\source\dist\dist_measure.v -lib work -fv2001 ..\..\source\dist\dist_packet.v -lib work -fv2001 ..\..\source\dist\measure_para.v -lib work -fv2001 ..\..\source\dist\tail_filter.v -lib work -fv2001 ..\..\source\dist\ms1004\ms1004_control_fall.v -lib work -fv2001 ..\..\source\dist\ms1004\ms1004_control_rise.v -lib work -fv2001 ..\..\source\dist\ms1004\TDC_SPI_ms1004_2.v -lib work -fv2001 ..\..\source\eth\datagram_cmd_defines.v -lib work -fv2001 ..\..\source\eth\datagram_parser.v -lib work -fv2001 ..\..\source\eth\division.v -lib work -fv2001 ..\..\source\eth\index_calculate.v -lib work -fv2001 ..\..\source\eth\parameter_ident_define.v -lib work -fv2001 ..\..\source\eth\parameter_init.v -lib work -fv2001 ..\..\source\eth\spi_w5500_cmd.v -lib work -fv2001 ..\..\source\eth\spi_w5500_top.v -lib work -fv2001 ..\..\source\eth\time_stamp.v -lib work -fv2001 ..\..\source\eth\w5500_cmd_defines.v -lib work -fv2001 ..\..\source\eth\w5500_control.v -lib work -fv2001 ..\..\source\eth\w5500_reg_defines.v -lib work -fv2001 ..\..\source\flash\flash_control.v -lib work -fv2001 ..\..\source\flash\USRMCLK.v -lib work -fv2001 "D:\programs\fpga\C251\C25X_21090810\source\flash\spi flash\spi_master.v" -lib work -fv2001 "D:\programs\fpga\C251\C25X_21090810\source\flash\spi flash\spi_flash_top.v" -lib work -fv2001 "D:\programs\fpga\C251\C25X_21090810\source\flash\spi flash\spi_flash_cmd.v" -lib work -fv2001 ..\..\source\insp\adc_to_dac.v -lib work -fv2001 ..\..\source\insp\adc_to_temp.v -lib work -fv2001 ..\..\source\insp\pluse_average.v -lib work -fv2001 ..\..\source\insp\self_inspection.v -lib work -fv2001 ..\..\source\insp\adda\AD_SPI.v -lib work -fv2001 ..\..\source\insp\adda\adc_control.v -lib work -fv2001 ..\..\source\insp\adda\DA_SPI.v -lib work -fv2001 ..\..\source\laser\laser_control.v -lib work -fv2001 ..\..\source\rotate\encoder_generate.v -lib work -fv2001 ..\..\source\rotate\motor_control.v -lib work -fv2001 ..\..\source\rotate\opto_switch_filter.v -lib work -fv2001 ..\..\source\rotate\rotate_control.v -lib work -fv2001 ..\..\source\sram\sram_control.v -lib work -fv2001 ..\..\c25x_fpga_ip\c25x_pll\c25x_pll.v -lib work -fv2001 ..\..\c25x_fpga_ip\eth_data_ram\eth_data_ram.v -lib work -fv2001 ..\..\c25x_fpga_ip\eth_send_ram\eth_send_ram.v -lib work -fv2001 ..\..\c25x_fpga_ip\multiplier\multiplier.v -lib work -fv2001 ..\..\c25x_fpga_ip\multiplier2\multiplier2.v -lib work -fv2001 ..\..\c25x_fpga_ip\multiplier3\multiplier3.v -lib work -fv2001 ..\..\c25x_fpga_ip\packet_data_ram\packet_data_ram.v -lib work -fv2001 ..\..\c25x_fpga_ip\tcp_recv_fifo\tcp_recv_fifo.v -lib work -fv2001 ..\..\source\eth\spi_master_eth.v -jobname "compiler"
rc:0 success:1 runtime:4
file:..\synwork\c25x_fpga_comp.srs|io:o|time:1631080518|size:2312|exec:0|csum:
file:..\synlog\c25x_fpga_compiler.srr|io:o|time:1631080518|size:9740|exec:0|csum:
file:E:\tools\Iscc\diamond\3.12\synpbase\lib\lucent\ecp5u.v|io:i|time:1603938054|size:89974|exec:0|csum:85BD439A14EE708460D98A7CDD285D98
file:E:\tools\Iscc\diamond\3.12\synpbase\lib\lucent\pmi_def.v|io:i|time:1603938054|size:40584|exec:0|csum:62845CEC2BB6FEBE1BA059B1E18015F4
file:.\-fv2001|io:i|time:0|size:-1|exec:0|csum:
file:..\..\source\c25x_fpga.v|io:i|time:1630996072|size:11774|exec:0|csum:62EDA122B191F0944102C6B81309AE3D
file:.\-fv2001|io:i|time:0|size:-1|exec:0|csum:
file:..\..\source\dist\calib_packet.v|io:i|time:1631069921|size:5320|exec:0|csum:70EBD5094AFABE3E300D7BD437CFCD5E
file:.\-fv2001|io:i|time:0|size:-1|exec:0|csum:
file:..\..\source\dist\dist_calculate.v|io:i|time:1631069826|size:15042|exec:0|csum:175D4D49A6FA1146733A15F49114A0FF
file:.\-fv2001|io:i|time:0|size:-1|exec:0|csum:
file:..\..\source\dist\dist_filter.v|io:i|time:1630410289|size:7821|exec:0|csum:3BD1023B4785455D961ED99C06524F2D
file:.\-fv2001|io:i|time:0|size:-1|exec:0|csum:
file:..\..\source\dist\dist_measure.v|io:i|time:1631069751|size:8798|exec:0|csum:1B53299DBE5D00FCB92DA5C7F4060F7A
file:.\-fv2001|io:i|time:0|size:-1|exec:0|csum:
file:..\..\source\dist\dist_packet.v|io:i|time:1629879898|size:6546|exec:0|csum:AC318F2E6C21A66C4A72F5C1932CF841
file:.\-fv2001|io:i|time:0|size:-1|exec:0|csum:
file:..\..\source\dist\measure_para.v|io:i|time:1631069200|size:6305|exec:0|csum:7378DD088C09E4EEF09909CD3BD878DD
file:.\-fv2001|io:i|time:0|size:-1|exec:0|csum:
file:..\..\source\dist\tail_filter.v|io:i|time:1630379605|size:9914|exec:0|csum:69D3B5FF3FD9ADB81BBE06E72217A4BB
file:.\-fv2001|io:i|time:0|size:-1|exec:0|csum:
file:..\..\source\dist\ms1004\ms1004_control_fall.v|io:i|time:1631003955|size:6320|exec:0|csum:41E129A6AC5686518F054F1E0CACEBA3
file:.\-fv2001|io:i|time:0|size:-1|exec:0|csum:
file:..\..\source\dist\ms1004\ms1004_control_rise.v|io:i|time:1631003805|size:6321|exec:0|csum:3CBEE56B529BC19C4B09B4958112BC30
file:.\-fv2001|io:i|time:0|size:-1|exec:0|csum:
file:..\..\source\dist\ms1004\TDC_SPI_ms1004_2.v|io:i|time:1624606551|size:14852|exec:0|csum:63ED813F965D2A6E4A1ED142A91E2F21
file:.\-fv2001|io:i|time:0|size:-1|exec:0|csum:
file:..\..\source\eth\datagram_cmd_defines.v|io:i|time:1630996663|size:2662|exec:0|csum:7A24FA03282F0C8EA5A0D2ABF821A17D
file:.\-fv2001|io:i|time:0|size:-1|exec:0|csum:
file:..\..\source\eth\datagram_parser.v|io:i|time:1630905913|size:42287|exec:0|csum:F30A54FAAA56D3C29DDC447419F78A4B
file:.\-fv2001|io:i|time:0|size:-1|exec:0|csum:
file:..\..\source\eth\division.v|io:i|time:1630572966|size:1729|exec:0|csum:AB44A5528399B72827B8BB5FA9180F75
file:.\-fv2001|io:i|time:0|size:-1|exec:0|csum:
file:..\..\source\eth\index_calculate.v|io:i|time:1630485137|size:3602|exec:0|csum:1A8471E19A59C60DAF8F767CF3CF360F
file:.\-fv2001|io:i|time:0|size:-1|exec:0|csum:
file:..\..\source\eth\parameter_ident_define.v|io:i|time:1630379913|size:1270|exec:0|csum:0ECFACB13BCFD4EBF55609EB33122BDB
file:.\-fv2001|io:i|time:0|size:-1|exec:0|csum:
file:..\..\source\eth\parameter_init.v|io:i|time:1631068828|size:52197|exec:0|csum:1A1F6026FA5817B0E288AFB4EC7DCBD0
file:.\-fv2001|io:i|time:0|size:-1|exec:0|csum:
file:..\..\source\eth\spi_w5500_cmd.v|io:i|time:1630900242|size:7750|exec:0|csum:FB96006A903E3BACB47C783C24CB7EFA
file:.\-fv2001|io:i|time:0|size:-1|exec:0|csum:
file:..\..\source\eth\spi_w5500_top.v|io:i|time:1630636101|size:20166|exec:0|csum:049C4CFA0D269DE03273EED0573F2FC8
file:.\-fv2001|io:i|time:0|size:-1|exec:0|csum:
file:..\..\source\eth\time_stamp.v|io:i|time:1624444679|size:5062|exec:0|csum:7CAA9FF073B147DC80E015F963552B16
file:.\-fv2001|io:i|time:0|size:-1|exec:0|csum:
file:..\..\source\eth\w5500_cmd_defines.v|io:i|time:1620609378|size:1229|exec:0|csum:46A482E2D8A03E562476877062E6D751
file:.\-fv2001|io:i|time:0|size:-1|exec:0|csum:
file:..\..\source\eth\w5500_control.v|io:i|time:1630892756|size:8614|exec:0|csum:0FAFE28A0610C77F3C67F09458B483EB
file:.\-fv2001|io:i|time:0|size:-1|exec:0|csum:
file:..\..\source\eth\w5500_reg_defines.v|io:i|time:1619579763|size:2521|exec:0|csum:C0D6A65D7E1E9ED8BA49BF5355746F51
file:.\-fv2001|io:i|time:0|size:-1|exec:0|csum:
file:..\..\source\flash\flash_control.v|io:i|time:1631068721|size:14622|exec:0|csum:20BF6F662DE624F9B6B3ABB9C159E848
file:.\-fv2001|io:i|time:0|size:-1|exec:0|csum:
file:..\..\source\flash\USRMCLK.v|io:i|time:1619408794|size:78|exec:0|csum:B90725581148F15D0693FFFD8E1F5257
file:.\-fv2001|io:i|time:0|size:-1|exec:0|csum:
file:..\..\source\flash\spi flash\spi_master.v|io:i|time:1619327369|size:3175|exec:0|csum:56167C26761CB711434ACCD2357AC1BC
file:.\-fv2001|io:i|time:0|size:-1|exec:0|csum:
file:..\..\source\flash\spi flash\spi_flash_top.v|io:i|time:1621216973|size:3938|exec:0|csum:DEA35C5972F3B512447A5968A925BEC1
file:.\-fv2001|io:i|time:0|size:-1|exec:0|csum:
file:..\..\source\flash\spi flash\spi_flash_cmd.v|io:i|time:1630559421|size:6429|exec:0|csum:65044D33B0F8A081D2621634C13E83CA
file:.\-fv2001|io:i|time:0|size:-1|exec:0|csum:
file:..\..\source\insp\adc_to_dac.v|io:i|time:1630487641|size:3539|exec:0|csum:8E7EF1DF3AFA6096F08F13BF2FD34521
file:.\-fv2001|io:i|time:0|size:-1|exec:0|csum:
file:..\..\source\insp\adc_to_temp.v|io:i|time:1630487651|size:5164|exec:0|csum:6C178908C24EECB62A0605D1A4994850
file:.\-fv2001|io:i|time:0|size:-1|exec:0|csum:
file:..\..\source\insp\pluse_average.v|io:i|time:1622796385|size:2801|exec:0|csum:A54BFD8D4678C4854D037AABA95113DE
file:.\-fv2001|io:i|time:0|size:-1|exec:0|csum:
file:..\..\source\insp\self_inspection.v|io:i|time:1630487662|size:6297|exec:0|csum:8F4B8B274ED972E8C4911B504E4A7005
file:.\-fv2001|io:i|time:0|size:-1|exec:0|csum:
file:..\..\source\insp\adda\AD_SPI.v|io:i|time:1628574069|size:2695|exec:0|csum:4FF3379BB82EF0B9BBB9B6C001E63BC5
file:.\-fv2001|io:i|time:0|size:-1|exec:0|csum:
file:..\..\source\insp\adda\adc_control.v|io:i|time:1628578936|size:3205|exec:0|csum:40FB8148D7F8708F0F0143952D51671C
file:.\-fv2001|io:i|time:0|size:-1|exec:0|csum:
file:..\..\source\insp\adda\DA_SPI.v|io:i|time:1628574408|size:3273|exec:0|csum:6F3E31AAA5952FD98F05BF2884520485
file:.\-fv2001|io:i|time:0|size:-1|exec:0|csum:
file:..\..\source\laser\laser_control.v|io:i|time:1631004660|size:3614|exec:0|csum:7CE19449F4A12818339661460C3C4784
file:.\-fv2001|io:i|time:0|size:-1|exec:0|csum:
file:..\..\source\rotate\encoder_generate.v|io:i|time:1631007064|size:10004|exec:0|csum:BC986D46577EAFEB29B60E9FB3CDAAAC
file:.\-fv2001|io:i|time:0|size:-1|exec:0|csum:
file:..\..\source\rotate\motor_control.v|io:i|time:1630994020|size:7423|exec:0|csum:749FF0409040A8376F3B08D5EA9783C8
file:.\-fv2001|io:i|time:0|size:-1|exec:0|csum:
file:..\..\source\rotate\opto_switch_filter.v|io:i|time:1622769153|size:1103|exec:0|csum:C06C12E64DB3723F98237C50C37B1ADD
file:.\-fv2001|io:i|time:0|size:-1|exec:0|csum:
file:..\..\source\rotate\rotate_control.v|io:i|time:1631007064|size:2504|exec:0|csum:21E7AFD1A8CB0E51E696CF8902A99717
file:.\-fv2001|io:i|time:0|size:-1|exec:0|csum:
file:..\..\source\sram\sram_control.v|io:i|time:1630482424|size:1796|exec:0|csum:BCEC8570524AE24ED88FBC391810AB89
file:.\-fv2001|io:i|time:0|size:-1|exec:0|csum:
file:..\..\c25x_fpga_ip\c25x_pll\c25x_pll.v|io:i|time:1630561183|size:3448|exec:0|csum:E24A112CA0823311584EDB3811223A10
file:.\-fv2001|io:i|time:0|size:-1|exec:0|csum:
file:..\..\c25x_fpga_ip\eth_data_ram\eth_data_ram.v|io:i|time:1630561253|size:12510|exec:0|csum:4164E81F2F7AE8A9AC01310E3D6C3C09
file:.\-fv2001|io:i|time:0|size:-1|exec:0|csum:
file:..\..\c25x_fpga_ip\eth_send_ram\eth_send_ram.v|io:i|time:1630561310|size:12518|exec:0|csum:B9B99E0E6588433CC53A33C415F13DE2
file:.\-fv2001|io:i|time:0|size:-1|exec:0|csum:
file:..\..\c25x_fpga_ip\multiplier\multiplier.v|io:i|time:1630561365|size:24475|exec:0|csum:C81C6CE2CF8692E91A4CC8BC7F8448C7
file:.\-fv2001|io:i|time:0|size:-1|exec:0|csum:
file:..\..\c25x_fpga_ip\multiplier2\multiplier2.v|io:i|time:1630561427|size:43336|exec:0|csum:42392D4A4F1E3F4671F7CBB2B3B9463B
file:.\-fv2001|io:i|time:0|size:-1|exec:0|csum:
file:..\..\c25x_fpga_ip\multiplier3\multiplier3.v|io:i|time:1630561472|size:13501|exec:0|csum:9F6B6FFA9C9C7A1017FB7A8778C1858F
file:.\-fv2001|io:i|time:0|size:-1|exec:0|csum:
file:..\..\c25x_fpga_ip\packet_data_ram\packet_data_ram.v|io:i|time:1630561536|size:12774|exec:0|csum:5CC5B4BF5AE543DF507F3AA6A6EC12BB
file:.\-fv2001|io:i|time:0|size:-1|exec:0|csum:
file:..\..\c25x_fpga_ip\tcp_recv_fifo\tcp_recv_fifo.v|io:i|time:1630561609|size:28008|exec:0|csum:B1951585A9A05C740B92B7444391EB53
file:.\-fv2001|io:i|time:0|size:-1|exec:0|csum:
file:..\..\source\eth\spi_master_eth.v|io:i|time:1630905087|size:3137|exec:0|csum:FC29FE98BF7F21663662A64B0D81A4DD
file:E:\tools\Iscc\diamond\3.12\synpbase\bin64\c_hdl.exe|io:i|time:1603937922|size:5736448|exec:1|csum:F3379711CDC83CA310869A1D9BD9BABE
