Running in Lattice mode

Starting:    E:\tools\Iscc\diamond\3.12\synpbase\bin64\mbin\synplify.exe
Install:     E:\tools\Iscc\diamond\3.12\synpbase
Hostname:    LAPTOP-5IM9OFQR
Date:        Thu Jun  3 11:41:35 2021
Version:     Q-2020.03L-SP1

Arguments:   -product synplify_pro -tcl D:/programs/fpga/C200_FPGA/impl1/launch_synplify.tcl
ProductType: synplify_pro





No project opened.
auto_infer_blackbox is not supported in current product.
Removed file: D:\programs\fpga\C200_FPGA\C200_FPGA.v
Removed file: D:\programs\fpga\C200_FPGA\C200_FPGA\C200_PLL\C200_PLL.v
Removed file: D:\programs\fpga\C200_FPGA\C200_FPGA\eth_data_fifo\eth_data_fifo.v
Removed file: D:\programs\fpga\C200_FPGA\C200_FPGA\multiplier\multiplier.v
Removed file: D:\programs\fpga\C200_FPGA\C200_FPGA\packet_data_fifo\packet_data_fifo.v
Removed file: D:\programs\fpga\C200_FPGA\rotating_module.v
Removed file: D:\programs\fpga\C200_FPGA\opto_switch_filter.v
Removed file: D:\programs\fpga\C200_FPGA\motor_control.v
Removed file: D:\programs\fpga\C200_FPGA\encoder_generate.v
Removed file: D:\programs\fpga\C200_FPGA\laser_control.v
Removed file: D:\programs\fpga\C200_FPGA\dist_measure.v
Removed file: D:\programs\fpga\C200_FPGA\tdc_control.v
Removed file: D:\programs\fpga\C200_FPGA\dist_calculate.v
Removed file: D:\programs\fpga\C200_FPGA\sram_control.v
Removed file: D:\programs\fpga\C200_FPGA\spi flash\spi_master.v
Removed file: D:\programs\fpga\C200_FPGA\spi flash\spi_flash_top.v
Removed file: D:\programs\fpga\C200_FPGA\spi flash\spi_flash_cmd.v
Removed file: D:\programs\fpga\C200_FPGA\flash_control.v
Removed file: D:\programs\fpga\C200_FPGA\eth\datagram_parser.v
Removed file: D:\programs\fpga\C200_FPGA\eth\spi_w5500_cmd.v
Removed file: D:\programs\fpga\C200_FPGA\eth\spi_w5500_top.v
Removed file: D:\programs\fpga\C200_FPGA\eth\datagram_cmd_defines.v
Removed file: D:\programs\fpga\C200_FPGA\eth\w5500_cmd_defines.v
Removed file: D:\programs\fpga\C200_FPGA\eth\w5500_reg_defines.v
Removed file: D:\programs\fpga\C200_FPGA\eth\tcp_recv_fifo.v
Removed file: D:\programs\fpga\C200_FPGA\eth\tcp_send_fifo.v
Removed file: D:\programs\fpga\C200_FPGA\w5500_control.v
Removed file: D:\programs\fpga\C200_FPGA\parameter_init.v
Removed file: D:\programs\fpga\C200_FPGA\data_packet.v
Removed file: D:\programs\fpga\C200_FPGA\mcp4726a0_top.v
Removed file: D:\programs\fpga\C200_FPGA\tla2024_cmd_defines.v
Removed file: D:\programs\fpga\C200_FPGA\tla2024_top.v
Removed file: D:\programs\fpga\C200_FPGA\i2c_master.v
Removed file: D:\programs\fpga\C200_FPGA\self_inspection.v
Removed file: D:\programs\fpga\C200_FPGA\parameter_ident_define.v
Removed file: D:\programs\fpga\C200_FPGA\test.v
Removed file: D:\programs\fpga\C200_FPGA\adc_to_dac.v
Removed file: D:\programs\fpga\C200_FPGA\adc_to_temp.v
Removed file: D:\programs\fpga\C200_FPGA\encoder_generate_2.v
Removed file: D:\programs\fpga\C200_FPGA\adc_to_dac_2.v
Removed file: D:\programs\fpga\C200_FPGA\adc_to_temp_2.v
Removed file: D:\programs\fpga\C200_FPGA\division.v
Removed file: D:\programs\fpga\C200_FPGA\TDC_SPI_ms1004.v
Removed file: D:\programs\fpga\C200_FPGA\gp22\gp22_control.v
Removed file: D:\programs\fpga\C200_FPGA\gp22\gp22_spi.v
Removed file: D:\programs\fpga\C200_FPGA\encoder_generate_3.v
TCL script complete: "D:/programs/fpga/C200_FPGA/impl1/launch_synplify.tcl"
exit status=0
