Starting process: 

Configuration data saved


SCUBA, Version Diamond (64-bit) 3.12.0.240.2
Sun Nov 07 14:09:04 2021

Copyright (c) 1991-1994 by NeoCAD Inc. All rights reserved.
Copyright (c) 1995 AT&T Corp.   All rights reserved.
Copyright (c) 1995-2001 Lucent Technologies Inc.  All rights reserved.
Copyright (c) 2001 Agere Systems   All rights reserved.
Copyright (c) 2002-2020 Lattice Semiconductor Corporation,  All rights reserved.

BEGIN SCUBA Module Synthesis

    Issued command   : E:\tools\Iscc\diamond\3.12\ispfpga\bin\nt64\scuba.exe -w -n c25x_pll -lang verilog -synth lse -bus_exp 7 -bb -arch sa5p00 -type pll -fin 50.00 -fclkop 50.00 -fclkop_tol 0.0 -fclkos 50.00 -fclkos_tol 0.0 -phases 90 -fclkos2 100.00 -fclkos2_tol 0.0 -phases2 0 -phase_cntl STATIC -fb_mode 5 
    Circuit name     : c25x_pll
    Module type      : pll
    Module Version   : 5.7
    Ports            : 
	Inputs       : CLKI
	Outputs      : CLKOP, CLKOS, CLKOS2
    I/O buffer       : not inserted
    EDIF output      : c25x_pll.edn
    Verilog output   : c25x_pll.v
    Verilog template : c25x_pll_tmpl.v
    Verilog purpose  : for synthesis and simulation
    Bus notation     : big endian
    Report output    : c25x_pll.srp
    Estimated Resource Usage:

END   SCUBA Module Synthesis

File: c25x_pll.lpc created.


End process: completed successfully.


Total Warnings:  0

Total Errors:  0


