E:\tools\Iscc\diamond\3.12\synpbase\bin64\c_hdl.exe  -osyn  D:\programs\fpga\C200_FPGA\impl1\synwork\impl1_comp.srs  -top  C200_FPGA  -hdllog  D:\programs\fpga\C200_FPGA\impl1\synlog\impl1_compiler.srr  -encrypt  -mp  1  -verification_mode 0  -verilog  -prodtype  synplify_pro  -dspmac -fixsmult -infer_seqShift -nram -sdff_counter -divnmod -nostructver   -I D:\programs\fpga\C200_FPGA  -I D:\programs\fpga\C200_FPGA\impl1\  -I E:\tools\Iscc\diamond\3.12\synpbase\lib   -sysv  -devicelib  E:\tools\Iscc\diamond\3.12\synpbase\lib\lucent\ecp5u.v  -devicelib  E:\tools\Iscc\diamond\3.12\synpbase\lib\lucent\pmi_def.v  -encrypt  -pro    -DSBP_SYNTHESIS    -dmgen  D:\programs\fpga\C200_FPGA\impl1\dm  -ui -fid2 -ram -sharing on -ll 2000 -autosm  -D_MULTIPLE_FILE_COMPILATION_UNIT_  -lib work -fv2001 D:\programs\fpga\C200_FPGA\C200_FPGA.v -lib work -fv2001 D:\programs\fpga\C200_FPGA\C200_FPGA\C200_PLL\C200_PLL.v -lib work -fv2001 D:\programs\fpga\C200_FPGA\C200_FPGA\eth_data_fifo\eth_data_fifo.v -lib work -fv2001 D:\programs\fpga\C200_FPGA\C200_FPGA\multiplier\multiplier.v -lib work -fv2001 D:\programs\fpga\C200_FPGA\C200_FPGA\packet_data_fifo\packet_data_fifo.v -lib work -fv2001 D:\programs\fpga\C200_FPGA\rotating_module.v -lib work -fv2001 D:\programs\fpga\C200_FPGA\opto_switch_filter.v -lib work -fv2001 D:\programs\fpga\C200_FPGA\motor_control.v -lib work -fv2001 D:\programs\fpga\C200_FPGA\encoder_generate.v -lib work -fv2001 D:\programs\fpga\C200_FPGA\laser_control.v -lib work -fv2001 D:\programs\fpga\C200_FPGA\dist_measure.v -lib work -fv2001 D:\programs\fpga\C200_FPGA\tdc_control.v -lib work -fv2001 D:\programs\fpga\C200_FPGA\dist_calculate.v -lib work -fv2001 D:\programs\fpga\C200_FPGA\sram_control.v -lib work -fv2001 "D:\programs\fpga\C200_FPGA\spi flash\spi_master.v" -lib work -fv2001 "D:\programs\fpga\C200_FPGA\spi flash\spi_flash_top.v" -lib work -fv2001 "D:\programs\fpga\C200_FPGA\spi flash\spi_flash_cmd.v" -lib work -fv2001 D:\programs\fpga\C200_FPGA\flash_control.v -lib work -fv2001 D:\programs\fpga\C200_FPGA\eth\datagram_parser.v -lib work -fv2001 D:\programs\fpga\C200_FPGA\eth\spi_w5500_cmd.v -lib work -fv2001 D:\programs\fpga\C200_FPGA\eth\spi_w5500_top.v -lib work -fv2001 D:\programs\fpga\C200_FPGA\eth\datagram_cmd_defines.v -lib work -fv2001 D:\programs\fpga\C200_FPGA\eth\w5500_cmd_defines.v -lib work -fv2001 D:\programs\fpga\C200_FPGA\eth\w5500_reg_defines.v -lib work -fv2001 D:\programs\fpga\C200_FPGA\eth\tcp_recv_fifo.v -lib work -fv2001 D:\programs\fpga\C200_FPGA\eth\tcp_send_fifo.v -lib work -fv2001 D:\programs\fpga\C200_FPGA\w5500_control.v -lib work -fv2001 D:\programs\fpga\C200_FPGA\parameter_init.v -lib work -fv2001 D:\programs\fpga\C200_FPGA\data_packet.v -lib work -fv2001 D:\programs\fpga\C200_FPGA\mcp4726a0_top.v -lib work -fv2001 D:\programs\fpga\C200_FPGA\tla2024_cmd_defines.v -lib work -fv2001 D:\programs\fpga\C200_FPGA\tla2024_top.v -lib work -fv2001 D:\programs\fpga\C200_FPGA\i2c_master.v -lib work -fv2001 D:\programs\fpga\C200_FPGA\self_inspection.v -lib work -fv2001 D:\programs\fpga\C200_FPGA\parameter_ident_define.v -lib work -fv2001 D:\programs\fpga\C200_FPGA\test.v -lib work -fv2001 D:\programs\fpga\C200_FPGA\adc_to_dac.v -lib work -fv2001 D:\programs\fpga\C200_FPGA\adc_to_temp.v -lib work -fv2001 D:\programs\fpga\C200_FPGA\encoder_generate_2.v -lib work -fv2001 D:\programs\fpga\C200_FPGA\adc_to_dac_2.v -lib work -fv2001 D:\programs\fpga\C200_FPGA\adc_to_temp_2.v -lib work -fv2001 D:\programs\fpga\C200_FPGA\division.v -lib work -fv2001 D:\programs\fpga\C200_FPGA\TDC_SPI_ms1004.v -lib work -fv2001 D:\programs\fpga\C200_FPGA\gp22\gp22_control.v -lib work -fv2001 D:\programs\fpga\C200_FPGA\gp22\gp22_spi.v -lib work -fv2001 D:\programs\fpga\C200_FPGA\encoder_generate_3.v  -jobname  "compiler" 
relcom:E:\tools\Iscc\diamond\3.12\synpbase\bin64\c_hdl.exe -osyn ..\synwork\impl1_comp.srs -top C200_FPGA -hdllog ..\synlog\impl1_compiler.srr -encrypt -mp 1 -verification_mode 0 -verilog -prodtype synplify_pro -dspmac -fixsmult -infer_seqShift -nram -sdff_counter -divnmod -nostructver -I ..\..\..\C200_FPGA -I ..\ -I E:\tools\Iscc\diamond\3.12\synpbase\lib -sysv -devicelib E:\tools\Iscc\diamond\3.12\synpbase\lib\lucent\ecp5u.v -devicelib E:\tools\Iscc\diamond\3.12\synpbase\lib\lucent\pmi_def.v -encrypt -pro -DSBP_SYNTHESIS -dmgen ..\dm -ui -fid2 -ram -sharing on -ll 2000 -autosm -D_MULTIPLE_FILE_COMPILATION_UNIT_ -lib work -fv2001 ..\..\C200_FPGA.v -lib work -fv2001 ..\..\C200_FPGA\C200_PLL\C200_PLL.v -lib work -fv2001 ..\..\C200_FPGA\eth_data_fifo\eth_data_fifo.v -lib work -fv2001 ..\..\C200_FPGA\multiplier\multiplier.v -lib work -fv2001 ..\..\C200_FPGA\packet_data_fifo\packet_data_fifo.v -lib work -fv2001 ..\..\rotating_module.v -lib work -fv2001 ..\..\opto_switch_filter.v -lib work -fv2001 ..\..\motor_control.v -lib work -fv2001 ..\..\encoder_generate.v -lib work -fv2001 ..\..\laser_control.v -lib work -fv2001 ..\..\dist_measure.v -lib work -fv2001 ..\..\tdc_control.v -lib work -fv2001 ..\..\dist_calculate.v -lib work -fv2001 ..\..\sram_control.v -lib work -fv2001 "D:\programs\fpga\C200_FPGA\spi flash\spi_master.v" -lib work -fv2001 "D:\programs\fpga\C200_FPGA\spi flash\spi_flash_top.v" -lib work -fv2001 "D:\programs\fpga\C200_FPGA\spi flash\spi_flash_cmd.v" -lib work -fv2001 ..\..\flash_control.v -lib work -fv2001 ..\..\eth\datagram_parser.v -lib work -fv2001 ..\..\eth\spi_w5500_cmd.v -lib work -fv2001 ..\..\eth\spi_w5500_top.v -lib work -fv2001 ..\..\eth\datagram_cmd_defines.v -lib work -fv2001 ..\..\eth\w5500_cmd_defines.v -lib work -fv2001 ..\..\eth\w5500_reg_defines.v -lib work -fv2001 ..\..\eth\tcp_recv_fifo.v -lib work -fv2001 ..\..\eth\tcp_send_fifo.v -lib work -fv2001 ..\..\w5500_control.v -lib work -fv2001 ..\..\parameter_init.v -lib work -fv2001 ..\..\data_packet.v -lib work -fv2001 ..\..\mcp4726a0_top.v -lib work -fv2001 ..\..\tla2024_cmd_defines.v -lib work -fv2001 ..\..\tla2024_top.v -lib work -fv2001 ..\..\i2c_master.v -lib work -fv2001 ..\..\self_inspection.v -lib work -fv2001 ..\..\parameter_ident_define.v -lib work -fv2001 ..\..\test.v -lib work -fv2001 ..\..\adc_to_dac.v -lib work -fv2001 ..\..\adc_to_temp.v -lib work -fv2001 ..\..\encoder_generate_2.v -lib work -fv2001 ..\..\adc_to_dac_2.v -lib work -fv2001 ..\..\adc_to_temp_2.v -lib work -fv2001 ..\..\division.v -lib work -fv2001 ..\..\TDC_SPI_ms1004.v -lib work -fv2001 ..\..\gp22\gp22_control.v -lib work -fv2001 ..\..\gp22\gp22_spi.v -lib work -fv2001 ..\..\encoder_generate_3.v -jobname "compiler"
rc:0 success:1 runtime:11
file:..\synwork\impl1_comp.srs|io:o|time:1622617870|size:270223|exec:0|csum:
file:..\synlog\impl1_compiler.srr|io:o|time:1622617870|size:102236|exec:0|csum:
file:E:\tools\Iscc\diamond\3.12\synpbase\lib\lucent\ecp5u.v|io:i|time:1603938054|size:89974|exec:0|csum:85BD439A14EE708460D98A7CDD285D98
file:E:\tools\Iscc\diamond\3.12\synpbase\lib\lucent\pmi_def.v|io:i|time:1603938054|size:40584|exec:0|csum:62845CEC2BB6FEBE1BA059B1E18015F4
file:.\-fv2001|io:i|time:0|size:-1|exec:0|csum:
file:..\..\C200_FPGA.v|io:i|time:1622617834|size:10648|exec:0|csum:904EF3369F8BECCB0F98174850D5485F
file:.\-fv2001|io:i|time:0|size:-1|exec:0|csum:
file:..\..\C200_FPGA\C200_PLL\C200_PLL.v|io:i|time:1622604390|size:3424|exec:0|csum:842AA6B776FF3B471135DC14EA2A9A72
file:.\-fv2001|io:i|time:0|size:-1|exec:0|csum:
file:..\..\C200_FPGA\eth_data_fifo\eth_data_fifo.v|io:i|time:1621412886|size:28010|exec:0|csum:F7A191CA0C208FB559D6475CB8FA6238
file:.\-fv2001|io:i|time:0|size:-1|exec:0|csum:
file:..\..\C200_FPGA\multiplier\multiplier.v|io:i|time:1622179065|size:24477|exec:0|csum:1E6A977332B76DAF2D7906DBCC50DEBA
file:.\-fv2001|io:i|time:0|size:-1|exec:0|csum:
file:..\..\C200_FPGA\packet_data_fifo\packet_data_fifo.v|io:i|time:1621317058|size:28028|exec:0|csum:B6B459B4005196641118335FCAE06637
file:.\-fv2001|io:i|time:0|size:-1|exec:0|csum:
file:..\..\rotating_module.v|io:i|time:1622529834|size:2397|exec:0|csum:2D26E9725235B6BA0E1AE1F83E9A3C24
file:.\-fv2001|io:i|time:0|size:-1|exec:0|csum:
file:..\..\opto_switch_filter.v|io:i|time:1622604474|size:1085|exec:0|csum:CD8CF9E6D70A1FE9E3A8E41AF1C1F5E1
file:.\-fv2001|io:i|time:0|size:-1|exec:0|csum:
file:..\..\motor_control.v|io:i|time:1622604742|size:7272|exec:0|csum:E7850D6F264D367E8D0361AD28A2723D
file:.\-fv2001|io:i|time:0|size:-1|exec:0|csum:
file:..\..\encoder_generate.v|io:i|time:1622604802|size:7987|exec:0|csum:D8549BB07936D3A8BE9E3E7D443E8511
file:.\-fv2001|io:i|time:0|size:-1|exec:0|csum:
file:..\..\laser_control.v|io:i|time:1622204841|size:4115|exec:0|csum:A1B7B38E9802F6C07AFA33B700F0B9EE
file:.\-fv2001|io:i|time:0|size:-1|exec:0|csum:
file:..\..\dist_measure.v|io:i|time:1622512037|size:3547|exec:0|csum:487AD4FC13175E399D9ACEC7E95A2C4C
file:.\-fv2001|io:i|time:0|size:-1|exec:0|csum:
file:..\..\tdc_control.v|io:i|time:1622475011|size:9865|exec:0|csum:15E8A8C7C3868BAC75BC4A45E6AE1AB1
file:.\-fv2001|io:i|time:0|size:-1|exec:0|csum:
file:..\..\dist_calculate.v|io:i|time:1622605158|size:9282|exec:0|csum:26F566758712EA4E57FB6B48F7BE15D8
file:.\-fv2001|io:i|time:0|size:-1|exec:0|csum:
file:..\..\sram_control.v|io:i|time:1622448394|size:1826|exec:0|csum:A62074830853FA2CFEE28D322827B7BF
file:.\-fv2001|io:i|time:0|size:-1|exec:0|csum:
file:..\..\spi flash\spi_master.v|io:i|time:1619327369|size:3175|exec:0|csum:56167C26761CB711434ACCD2357AC1BC
file:.\-fv2001|io:i|time:0|size:-1|exec:0|csum:
file:..\..\spi flash\spi_flash_top.v|io:i|time:1621216973|size:3938|exec:0|csum:DEA35C5972F3B512447A5968A925BEC1
file:.\-fv2001|io:i|time:0|size:-1|exec:0|csum:
file:..\..\spi flash\spi_flash_cmd.v|io:i|time:1619507497|size:6424|exec:0|csum:D0FFA767AFC4849A0E740424BE88E0D1
file:.\-fv2001|io:i|time:0|size:-1|exec:0|csum:
file:..\..\flash_control.v|io:i|time:1622605209|size:12068|exec:0|csum:9572737CA56BFF7CB9B5F0E7D5D39CAC
file:.\-fv2001|io:i|time:0|size:-1|exec:0|csum:
file:..\..\eth\datagram_parser.v|io:i|time:1622617595|size:40145|exec:0|csum:24692B25A9AC91C60FB206679FE26CA6
file:.\-fv2001|io:i|time:0|size:-1|exec:0|csum:
file:..\..\eth\spi_w5500_cmd.v|io:i|time:1619673414|size:7390|exec:0|csum:BB4A3C9A5EF8C9CFBC1139BE72D55FCA
file:.\-fv2001|io:i|time:0|size:-1|exec:0|csum:
file:..\..\eth\spi_w5500_top.v|io:i|time:1622381733|size:19879|exec:0|csum:3DECCFE34940C87A547EE7FAB2345E36
file:.\-fv2001|io:i|time:0|size:-1|exec:0|csum:
file:..\..\eth\datagram_cmd_defines.v|io:i|time:1621412233|size:2695|exec:0|csum:2BD646DC0571686D7107A2DAEB27238C
file:.\-fv2001|io:i|time:0|size:-1|exec:0|csum:
file:..\..\eth\w5500_cmd_defines.v|io:i|time:1620609378|size:1229|exec:0|csum:46A482E2D8A03E562476877062E6D751
file:.\-fv2001|io:i|time:0|size:-1|exec:0|csum:
file:..\..\eth\w5500_reg_defines.v|io:i|time:1619579763|size:2521|exec:0|csum:C0D6A65D7E1E9ED8BA49BF5355746F51
file:.\-fv2001|io:i|time:0|size:-1|exec:0|csum:
file:..\..\eth\tcp_recv_fifo.v|io:i|time:1621217414|size:28010|exec:0|csum:62178BFF5D94D1D94B8FDD6799E99B44
file:.\-fv2001|io:i|time:0|size:-1|exec:0|csum:
file:..\..\eth\tcp_send_fifo.v|io:i|time:1621218203|size:28010|exec:0|csum:0227F2906FE63FA128801DE6E318C978
file:.\-fv2001|io:i|time:0|size:-1|exec:0|csum:
file:..\..\w5500_control.v|io:i|time:1622537007|size:7388|exec:0|csum:B124AE97A0FCFE0D33177D8617EDC349
file:.\-fv2001|io:i|time:0|size:-1|exec:0|csum:
file:..\..\parameter_init.v|io:i|time:1622617414|size:40035|exec:0|csum:3FF3A6AD1446D8D5889BA311E5DC9610
file:.\-fv2001|io:i|time:0|size:-1|exec:0|csum:
file:..\..\data_packet.v|io:i|time:1622440258|size:6815|exec:0|csum:D052A54D88C6930530F380D45225CA65
file:.\-fv2001|io:i|time:0|size:-1|exec:0|csum:
file:..\..\mcp4726a0_top.v|io:i|time:1622023608|size:6029|exec:0|csum:885632A04BF56E7FDD4C24499172781C
file:.\-fv2001|io:i|time:0|size:-1|exec:0|csum:
file:..\..\tla2024_cmd_defines.v|io:i|time:1621416133|size:142|exec:0|csum:4EF78DB632BAD257B7CF7DC288A70AFA
file:.\-fv2001|io:i|time:0|size:-1|exec:0|csum:
file:..\..\tla2024_top.v|io:i|time:1622080960|size:4413|exec:0|csum:F343C084E82072BA92FB4D10B5F2CD96
file:.\-fv2001|io:i|time:0|size:-1|exec:0|csum:
file:..\..\i2c_master.v|io:i|time:1621922579|size:7395|exec:0|csum:16B84C350B7B7843977203C65837BF42
file:.\-fv2001|io:i|time:0|size:-1|exec:0|csum:
file:..\..\self_inspection.v|io:i|time:1622450787|size:5498|exec:0|csum:BC989EB18B866B61552C5D59445DE0EB
file:.\-fv2001|io:i|time:0|size:-1|exec:0|csum:
file:..\..\parameter_ident_define.v|io:i|time:1622464112|size:1248|exec:0|csum:494C5357BE8524AEFAF843C84990F52A
file:.\-fv2001|io:i|time:0|size:-1|exec:0|csum:
file:..\..\test.v|io:i|time:1621765998|size:1490|exec:0|csum:57DA4E97641C527BCA0F7222E4894058
file:.\-fv2001|io:i|time:0|size:-1|exec:0|csum:
file:..\..\adc_to_dac.v|io:i|time:1622115865|size:7643|exec:0|csum:B9F19F44214077DA41D889564B4CE1E6
file:.\-fv2001|io:i|time:0|size:-1|exec:0|csum:
file:..\..\adc_to_temp.v|io:i|time:1622114583|size:3673|exec:0|csum:300C604E76CC1D5A6E0FCFB0759219F2
file:.\-fv2001|io:i|time:0|size:-1|exec:0|csum:
file:..\..\encoder_generate_2.v|io:i|time:1622604827|size:9201|exec:0|csum:C1BCA148929624D5F2429C4E686CAE33
file:.\-fv2001|io:i|time:0|size:-1|exec:0|csum:
file:..\..\adc_to_dac_2.v|io:i|time:1622617813|size:8952|exec:0|csum:A006A19C4C6E6C102C7D9C9FC8D9170C
file:.\-fv2001|io:i|time:0|size:-1|exec:0|csum:
file:..\..\adc_to_temp_2.v|io:i|time:1622200658|size:5139|exec:0|csum:8B1255CFCB6E8EC19B85FFFBC84E7CF6
file:.\-fv2001|io:i|time:0|size:-1|exec:0|csum:
file:..\..\division.v|io:i|time:1622200613|size:1685|exec:0|csum:4A896886AFAE67EC7E0E3C9355C0A19A
file:.\-fv2001|io:i|time:0|size:-1|exec:0|csum:
file:..\..\TDC_SPI_ms1004.v|io:i|time:1622254648|size:15050|exec:0|csum:734302149B7D14D4ABB43D454AEB30E4
file:.\-fv2001|io:i|time:0|size:-1|exec:0|csum:
file:..\..\gp22\gp22_control.v|io:i|time:1622604954|size:15544|exec:0|csum:7495B02083768023FFCE7720E58C4E91
file:.\-fv2001|io:i|time:0|size:-1|exec:0|csum:
file:..\..\gp22\gp22_spi.v|io:i|time:1622254829|size:15257|exec:0|csum:FF1F37B41826DCC98EBABB2F21C6E871
file:.\-fv2001|io:i|time:0|size:-1|exec:0|csum:
file:..\..\encoder_generate_3.v|io:i|time:1622604846|size:9173|exec:0|csum:D4FB5C649F1E63D113B655BB366F907D
file:E:\tools\Iscc\diamond\3.12\synpbase\bin64\c_hdl.exe|io:i|time:1603937922|size:5736448|exec:1|csum:F3379711CDC83CA310869A1D9BD9BABE
